<?xml version="1.0" encoding="UTF-8"?>
<coverage generated="1574223971144" clover="3.2.0">
  <project timestamp="1574223971144" name="All files">
    <metrics statements="35" coveredstatements="17" conditionals="18" coveredconditionals="2" methods="9" coveredmethods="4" elements="62" coveredelements="23" complexity="0" loc="35" ncloc="35" packages="1" files="1" classes="1"/>
    <file name="AddTea.js" path="/Users/mac/School/KoalaTea/AddTea.js">
      <metrics statements="35" coveredstatements="17" conditionals="18" coveredconditionals="2" methods="9" coveredmethods="4"/>
      <line num="1" count="1" type="stmt"/>
      <line num="2" count="1" type="stmt"/>
      <line num="4" count="1" type="stmt"/>
      <line num="12" count="1" type="stmt"/>
      <line num="13" count="2" type="stmt"/>
      <line num="14" count="2" type="stmt"/>
      <line num="23" count="0" type="cond" truecount="0" falsecount="2"/>
      <line num="24" count="0" type="stmt"/>
      <line num="25" count="0" type="cond" truecount="0" falsecount="2"/>
      <line num="26" count="0" type="stmt"/>
      <line num="27" count="0" type="cond" truecount="0" falsecount="2"/>
      <line num="28" count="0" type="stmt"/>
      <line num="29" count="0" type="cond" truecount="0" falsecount="4"/>
      <line num="30" count="0" type="stmt"/>
      <line num="31" count="0" type="cond" truecount="0" falsecount="2"/>
      <line num="32" count="0" type="stmt"/>
      <line num="33" count="0" type="cond" truecount="0" falsecount="4"/>
      <line num="34" count="0" type="stmt"/>
      <line num="36" count="0" type="stmt"/>
      <line num="38" count="0" type="stmt"/>
      <line num="39" count="2" type="stmt"/>
      <line num="42" count="2" type="cond" truecount="2" falsecount="0"/>
      <line num="43" count="1" type="stmt"/>
      <line num="48" count="1" type="stmt"/>
      <line num="49" count="1" type="stmt"/>
      <line num="50" count="1" type="stmt"/>
      <line num="51" count="1" type="stmt"/>
      <line num="68" count="2" type="stmt"/>
      <line num="70" count="3" type="stmt"/>
      <line num="71" count="3" type="stmt"/>
      <line num="76" count="0" type="stmt"/>
      <line num="84" count="0" type="stmt"/>
      <line num="92" count="0" type="stmt"/>
      <line num="99" count="0" type="stmt"/>
      <line num="103" count="1" type="stmt"/>
    </file>
  </project>
</coverage>
