{"/Users/mac/School/KoalaTea/AddTea.js": {"path":"/Users/mac/School/KoalaTea/AddTea.js","statementMap":{"0":{"start":{"line":1,"column":42},"end":{"line":1,"column":97}},"1":{"start":{"line":1,"column":128},"end":{"line":1,"column":184}},"2":{"start":{"line":1,"column":185},"end":{"line":1,"column":247}},"3":{"start":{"line":1,"column":247},"end":{"line":1,"column":271}},"4":{"start":{"line":1,"column":294},"end":{"line":1,"column":366}},"5":{"start":{"line":1,"column":387},"end":{"line":1,"column":456}},"6":{"start":{"line":1,"column":491},"end":{"line":1,"column":574}},"7":{"start":{"line":1,"column":598},"end":{"line":1,"column":670}},"8":{"start":{"line":1,"column":688},"end":{"line":1,"column":754}},"9":{"start":{"line":1,"column":768},"end":{"line":1,"column":809}},"10":{"start":{"line":2,"column":19},"end":{"line":2,"column":42}},"11":{"start":{"line":2,"column":62},"end":{"line":2,"column":100}},"12":{"start":{"line":4,"column":13},"end":{"line":8,"column":39}},"13":{"start":{"line":12,"column":9},"end":{"line":103,"column":43}},"14":{"start":{"line":12,"column":32},"end":{"line":12,"column":76}},"15":{"start":{"line":13,"column":36},"end":{"line":13,"column":80}},"16":{"start":{"line":14,"column":4},"end":{"line":14,"column":116}},"17":{"start":{"line":14,"column":116},"end":{"line":39,"column":6}},"18":{"start":{"line":23,"column":6},"end":{"line":37,"column":7}},"19":{"start":{"line":24,"column":8},"end":{"line":24,"column":39}},"20":{"start":{"line":25,"column":13},"end":{"line":37,"column":7}},"21":{"start":{"line":26,"column":8},"end":{"line":26,"column":61}},"22":{"start":{"line":27,"column":13},"end":{"line":37,"column":7}},"23":{"start":{"line":28,"column":8},"end":{"line":28,"column":67}},"24":{"start":{"line":29,"column":13},"end":{"line":37,"column":7}},"25":{"start":{"line":30,"column":8},"end":{"line":30,"column":44}},"26":{"start":{"line":31,"column":13},"end":{"line":37,"column":7}},"27":{"start":{"line":32,"column":8},"end":{"line":32,"column":68}},"28":{"start":{"line":33,"column":13},"end":{"line":37,"column":7}},"29":{"start":{"line":34,"column":8},"end":{"line":34,"column":45}},"30":{"start":{"line":36,"column":8},"end":{"line":36,"column":20}},"31":{"start":{"line":38,"column":6},"end":{"line":38,"column":19}},"32":{"start":{"line":39,"column":6},"end":{"line":68,"column":6}},"33":{"start":{"line":42,"column":6},"end":{"line":67,"column":7}},"34":{"start":{"line":43,"column":21},"end":{"line":46,"column":34}},"35":{"start":{"line":48,"column":33},"end":{"line":48,"column":73}},"36":{"start":{"line":49,"column":8},"end":{"line":49,"column":40}},"37":{"start":{"line":50,"column":19},"end":{"line":50,"column":50}},"38":{"start":{"line":51,"column":8},"end":{"line":51,"column":55}},"39":{"start":{"line":68,"column":6},"end":{"line":68,"column":60}},"40":{"start":{"line":68,"column":60},"end":{"line":68,"column":73}},"41":{"start":{"line":68,"column":74},"end":{"line":103,"column":10}},"42":{"start":{"line":70,"column":18},"end":{"line":70,"column":22}},"43":{"start":{"line":71,"column":6},"end":{"line":99,"column":125}},"44":{"start":{"line":76,"column":53},"end":{"line":76,"column":92}},"45":{"start":{"line":84,"column":53},"end":{"line":84,"column":97}},"46":{"start":{"line":92,"column":53},"end":{"line":92,"column":92}},"47":{"start":{"line":99,"column":39},"end":{"line":99,"column":64}},"48":{"start":{"line":103,"column":10},"end":{"line":103,"column":24}},"49":{"start":{"line":103,"column":44},"end":{"line":103,"column":68}}},"fnMap":{"0":{"name":"(anonymous_0)","decl":{"start":{"line":12,"column":9},"end":{"line":12,"column":10}},"loc":{"start":{"line":12,"column":31},"end":{"line":103,"column":25}},"line":12},"1":{"name":"AddTea","decl":{"start":{"line":13,"column":11},"end":{"line":13,"column":17}},"loc":{"start":{"line":13,"column":25},"end":{"line":68,"column":74}},"line":13},"2":{"name":"(anonymous_2)","decl":{"start":{"line":22,"column":21},"end":{"line":22,"column":22}},"loc":{"start":{"line":22,"column":54},"end":{"line":39,"column":5}},"line":22},"3":{"name":"(anonymous_3)","decl":{"start":{"line":41,"column":15},"end":{"line":41,"column":16}},"loc":{"start":{"line":41,"column":27},"end":{"line":68,"column":5}},"line":41},"4":{"name":"render","decl":{"start":{"line":68,"column":143},"end":{"line":68,"column":149}},"loc":{"start":{"line":70,"column":4},"end":{"line":103,"column":5}},"line":70},"5":{"name":"onChangeText","decl":{"start":{"line":76,"column":33},"end":{"line":76,"column":45}},"loc":{"start":{"line":76,"column":52},"end":{"line":76,"column":93}},"line":76},"6":{"name":"onChangeText","decl":{"start":{"line":84,"column":33},"end":{"line":84,"column":45}},"loc":{"start":{"line":84,"column":52},"end":{"line":84,"column":98}},"line":84},"7":{"name":"onChangeText","decl":{"start":{"line":92,"column":33},"end":{"line":92,"column":45}},"loc":{"start":{"line":92,"column":52},"end":{"line":92,"column":93}},"line":92},"8":{"name":"onPress","decl":{"start":{"line":99,"column":28},"end":{"line":99,"column":35}},"loc":{"start":{"line":99,"column":38},"end":{"line":99,"column":65}},"line":99}},"branchMap":{"0":{"loc":{"start":{"line":23,"column":6},"end":{"line":37,"column":7}},"type":"if","locations":[{"start":{"line":23,"column":6},"end":{"line":37,"column":7}},{"start":{"line":23,"column":6},"end":{"line":37,"column":7}}],"line":23},"1":{"loc":{"start":{"line":25,"column":13},"end":{"line":37,"column":7}},"type":"if","locations":[{"start":{"line":25,"column":13},"end":{"line":37,"column":7}},{"start":{"line":25,"column":13},"end":{"line":37,"column":7}}],"line":25},"2":{"loc":{"start":{"line":27,"column":13},"end":{"line":37,"column":7}},"type":"if","locations":[{"start":{"line":27,"column":13},"end":{"line":37,"column":7}},{"start":{"line":27,"column":13},"end":{"line":37,"column":7}}],"line":27},"3":{"loc":{"start":{"line":29,"column":13},"end":{"line":37,"column":7}},"type":"if","locations":[{"start":{"line":29,"column":13},"end":{"line":37,"column":7}},{"start":{"line":29,"column":13},"end":{"line":37,"column":7}}],"line":29},"4":{"loc":{"start":{"line":29,"column":17},"end":{"line":29,"column":71}},"type":"binary-expr","locations":[{"start":{"line":29,"column":17},"end":{"line":29,"column":41}},{"start":{"line":29,"column":45},"end":{"line":29,"column":71}}],"line":29},"5":{"loc":{"start":{"line":31,"column":13},"end":{"line":37,"column":7}},"type":"if","locations":[{"start":{"line":31,"column":13},"end":{"line":37,"column":7}},{"start":{"line":31,"column":13},"end":{"line":37,"column":7}}],"line":31},"6":{"loc":{"start":{"line":33,"column":13},"end":{"line":37,"column":7}},"type":"if","locations":[{"start":{"line":33,"column":13},"end":{"line":37,"column":7}},{"start":{"line":33,"column":13},"end":{"line":37,"column":7}}],"line":33},"7":{"loc":{"start":{"line":33,"column":17},"end":{"line":33,"column":61}},"type":"binary-expr","locations":[{"start":{"line":33,"column":17},"end":{"line":33,"column":37}},{"start":{"line":33,"column":41},"end":{"line":33,"column":61}}],"line":33},"8":{"loc":{"start":{"line":42,"column":6},"end":{"line":67,"column":7}},"type":"if","locations":[{"start":{"line":42,"column":6},"end":{"line":67,"column":7}},{"start":{"line":42,"column":6},"end":{"line":67,"column":7}}],"line":42}},"s":{"0":1,"1":1,"2":1,"3":1,"4":1,"5":1,"6":1,"7":1,"8":1,"9":1,"10":1,"11":1,"12":1,"13":1,"14":1,"15":2,"16":2,"17":2,"18":0,"19":0,"20":0,"21":0,"22":0,"23":0,"24":0,"25":0,"26":0,"27":0,"28":0,"29":0,"30":0,"31":0,"32":2,"33":2,"34":1,"35":1,"36":1,"37":1,"38":1,"39":2,"40":2,"41":1,"42":3,"43":3,"44":0,"45":0,"46":0,"47":0,"48":1,"49":1},"f":{"0":1,"1":2,"2":0,"3":2,"4":3,"5":0,"6":0,"7":0,"8":0},"b":{"0":[0,0],"1":[0,0],"2":[0,0],"3":[0,0],"4":[0,0],"5":[0,0],"6":[0,0],"7":[0,0],"8":[1,1]},"_coverageSchema":"43e27e138ebf9cfc5966b082cf9a028302ed4184","hash":"36b6c81ea9d76ba914d3235ddcafeba215cde2ad"}
}
