{"/Users/mac/School/KoalaTea/AddTea.js": {"path":"/Users/mac/School/KoalaTea/AddTea.js","statementMap":{"0":{"start":{"line":1,"column":42},"end":{"line":1,"column":97}},"1":{"start":{"line":1,"column":128},"end":{"line":1,"column":184}},"2":{"start":{"line":1,"column":185},"end":{"line":1,"column":247}},"3":{"start":{"line":1,"column":247},"end":{"line":1,"column":271}},"4":{"start":{"line":1,"column":294},"end":{"line":1,"column":366}},"5":{"start":{"line":1,"column":387},"end":{"line":1,"column":456}},"6":{"start":{"line":1,"column":491},"end":{"line":1,"column":574}},"7":{"start":{"line":1,"column":598},"end":{"line":1,"column":670}},"8":{"start":{"line":1,"column":688},"end":{"line":1,"column":754}},"9":{"start":{"line":1,"column":768},"end":{"line":1,"column":809}},"10":{"start":{"line":2,"column":19},"end":{"line":2,"column":42}},"11":{"start":{"line":3,"column":18},"end":{"line":3,"column":44}},"12":{"start":{"line":3,"column":64},"end":{"line":3,"column":102}},"13":{"start":{"line":5,"column":13},"end":{"line":30,"column":21}},"14":{"start":{"line":34,"column":9},"end":{"line":122,"column":43}},"15":{"start":{"line":34,"column":32},"end":{"line":34,"column":76}},"16":{"start":{"line":35,"column":36},"end":{"line":35,"column":80}},"17":{"start":{"line":36,"column":4},"end":{"line":36,"column":116}},"18":{"start":{"line":36,"column":116},"end":{"line":61,"column":6}},"19":{"start":{"line":45,"column":6},"end":{"line":59,"column":7}},"20":{"start":{"line":46,"column":8},"end":{"line":46,"column":39}},"21":{"start":{"line":47,"column":13},"end":{"line":59,"column":7}},"22":{"start":{"line":48,"column":8},"end":{"line":48,"column":61}},"23":{"start":{"line":49,"column":13},"end":{"line":59,"column":7}},"24":{"start":{"line":50,"column":8},"end":{"line":50,"column":67}},"25":{"start":{"line":51,"column":13},"end":{"line":59,"column":7}},"26":{"start":{"line":52,"column":8},"end":{"line":52,"column":44}},"27":{"start":{"line":53,"column":13},"end":{"line":59,"column":7}},"28":{"start":{"line":54,"column":8},"end":{"line":54,"column":68}},"29":{"start":{"line":55,"column":13},"end":{"line":59,"column":7}},"30":{"start":{"line":56,"column":8},"end":{"line":56,"column":45}},"31":{"start":{"line":58,"column":8},"end":{"line":58,"column":20}},"32":{"start":{"line":60,"column":6},"end":{"line":60,"column":19}},"33":{"start":{"line":61,"column":6},"end":{"line":83,"column":6}},"34":{"start":{"line":64,"column":6},"end":{"line":82,"column":7}},"35":{"start":{"line":65,"column":21},"end":{"line":69,"column":23}},"36":{"start":{"line":71,"column":33},"end":{"line":71,"column":73}},"37":{"start":{"line":72,"column":19},"end":{"line":74,"column":25}},"38":{"start":{"line":76,"column":8},"end":{"line":81,"column":14}},"39":{"start":{"line":77,"column":10},"end":{"line":77,"column":35}},"40":{"start":{"line":78,"column":10},"end":{"line":78,"column":42}},"41":{"start":{"line":79,"column":21},"end":{"line":79,"column":52}},"42":{"start":{"line":80,"column":10},"end":{"line":80,"column":71}},"43":{"start":{"line":83,"column":6},"end":{"line":83,"column":60}},"44":{"start":{"line":83,"column":60},"end":{"line":83,"column":73}},"45":{"start":{"line":83,"column":74},"end":{"line":122,"column":10}},"46":{"start":{"line":85,"column":18},"end":{"line":85,"column":22}},"47":{"start":{"line":86,"column":6},"end":{"line":118,"column":126}},"48":{"start":{"line":93,"column":53},"end":{"line":93,"column":92}},"49":{"start":{"line":102,"column":53},"end":{"line":102,"column":97}},"50":{"start":{"line":111,"column":53},"end":{"line":111,"column":92}},"51":{"start":{"line":118,"column":39},"end":{"line":118,"column":64}},"52":{"start":{"line":122,"column":10},"end":{"line":122,"column":24}},"53":{"start":{"line":122,"column":44},"end":{"line":122,"column":68}}},"fnMap":{"0":{"name":"(anonymous_0)","decl":{"start":{"line":34,"column":9},"end":{"line":34,"column":10}},"loc":{"start":{"line":34,"column":31},"end":{"line":122,"column":25}},"line":34},"1":{"name":"AddTea","decl":{"start":{"line":35,"column":11},"end":{"line":35,"column":17}},"loc":{"start":{"line":35,"column":25},"end":{"line":83,"column":74}},"line":35},"2":{"name":"(anonymous_2)","decl":{"start":{"line":44,"column":21},"end":{"line":44,"column":22}},"loc":{"start":{"line":44,"column":54},"end":{"line":61,"column":5}},"line":44},"3":{"name":"(anonymous_3)","decl":{"start":{"line":63,"column":15},"end":{"line":63,"column":16}},"loc":{"start":{"line":63,"column":27},"end":{"line":83,"column":5}},"line":63},"4":{"name":"(anonymous_4)","decl":{"start":{"line":76,"column":54},"end":{"line":76,"column":55}},"loc":{"start":{"line":76,"column":69},"end":{"line":81,"column":9}},"line":76},"5":{"name":"render","decl":{"start":{"line":83,"column":143},"end":{"line":83,"column":149}},"loc":{"start":{"line":85,"column":4},"end":{"line":122,"column":5}},"line":85},"6":{"name":"onChangeText","decl":{"start":{"line":93,"column":33},"end":{"line":93,"column":45}},"loc":{"start":{"line":93,"column":52},"end":{"line":93,"column":93}},"line":93},"7":{"name":"onChangeText","decl":{"start":{"line":102,"column":33},"end":{"line":102,"column":45}},"loc":{"start":{"line":102,"column":52},"end":{"line":102,"column":98}},"line":102},"8":{"name":"onChangeText","decl":{"start":{"line":111,"column":33},"end":{"line":111,"column":45}},"loc":{"start":{"line":111,"column":52},"end":{"line":111,"column":93}},"line":111},"9":{"name":"onPress","decl":{"start":{"line":118,"column":28},"end":{"line":118,"column":35}},"loc":{"start":{"line":118,"column":38},"end":{"line":118,"column":65}},"line":118}},"branchMap":{"0":{"loc":{"start":{"line":45,"column":6},"end":{"line":59,"column":7}},"type":"if","locations":[{"start":{"line":45,"column":6},"end":{"line":59,"column":7}},{"start":{"line":45,"column":6},"end":{"line":59,"column":7}}],"line":45},"1":{"loc":{"start":{"line":47,"column":13},"end":{"line":59,"column":7}},"type":"if","locations":[{"start":{"line":47,"column":13},"end":{"line":59,"column":7}},{"start":{"line":47,"column":13},"end":{"line":59,"column":7}}],"line":47},"2":{"loc":{"start":{"line":49,"column":13},"end":{"line":59,"column":7}},"type":"if","locations":[{"start":{"line":49,"column":13},"end":{"line":59,"column":7}},{"start":{"line":49,"column":13},"end":{"line":59,"column":7}}],"line":49},"3":{"loc":{"start":{"line":51,"column":13},"end":{"line":59,"column":7}},"type":"if","locations":[{"start":{"line":51,"column":13},"end":{"line":59,"column":7}},{"start":{"line":51,"column":13},"end":{"line":59,"column":7}}],"line":51},"4":{"loc":{"start":{"line":51,"column":17},"end":{"line":51,"column":71}},"type":"binary-expr","locations":[{"start":{"line":51,"column":17},"end":{"line":51,"column":41}},{"start":{"line":51,"column":45},"end":{"line":51,"column":71}}],"line":51},"5":{"loc":{"start":{"line":53,"column":13},"end":{"line":59,"column":7}},"type":"if","locations":[{"start":{"line":53,"column":13},"end":{"line":59,"column":7}},{"start":{"line":53,"column":13},"end":{"line":59,"column":7}}],"line":53},"6":{"loc":{"start":{"line":55,"column":13},"end":{"line":59,"column":7}},"type":"if","locations":[{"start":{"line":55,"column":13},"end":{"line":59,"column":7}},{"start":{"line":55,"column":13},"end":{"line":59,"column":7}}],"line":55},"7":{"loc":{"start":{"line":55,"column":17},"end":{"line":55,"column":61}},"type":"binary-expr","locations":[{"start":{"line":55,"column":17},"end":{"line":55,"column":37}},{"start":{"line":55,"column":41},"end":{"line":55,"column":61}}],"line":55},"8":{"loc":{"start":{"line":64,"column":6},"end":{"line":82,"column":7}},"type":"if","locations":[{"start":{"line":64,"column":6},"end":{"line":82,"column":7}},{"start":{"line":64,"column":6},"end":{"line":82,"column":7}}],"line":64}},"s":{"0":1,"1":1,"2":1,"3":1,"4":1,"5":1,"6":1,"7":1,"8":1,"9":1,"10":1,"11":1,"12":1,"13":1,"14":1,"15":1,"16":2,"17":2,"18":2,"19":7,"20":1,"21":6,"22":1,"23":5,"24":1,"25":4,"26":2,"27":2,"28":1,"29":1,"30":0,"31":1,"32":6,"33":2,"34":2,"35":1,"36":1,"37":1,"38":1,"39":0,"40":0,"41":0,"42":0,"43":2,"44":2,"45":1,"46":3,"47":3,"48":0,"49":0,"50":0,"51":0,"52":1,"53":1},"f":{"0":1,"1":2,"2":7,"3":2,"4":0,"5":3,"6":0,"7":0,"8":0,"9":0},"b":{"0":[1,6],"1":[1,5],"2":[1,4],"3":[2,2],"4":[4,4],"5":[1,1],"6":[0,1],"7":[1,1],"8":[1,1]},"_coverageSchema":"43e27e138ebf9cfc5966b082cf9a028302ed4184","hash":"485818b1c802a6c08a9ff36ac6f04c8ac2a0fdfa"}
,"/Users/mac/School/KoalaTea/socketUtil.js": {"path":"/Users/mac/School/KoalaTea/socketUtil.js","statementMap":{"0":{"start":{"line":1,"column":13},"end":{"line":1,"column":75}},"1":{"start":{"line":1,"column":75},"end":{"line":1,"column":111}},"2":{"start":{"line":1,"column":111},"end":{"line":1,"column":131}},"3":{"start":{"line":1,"column":131},"end":{"line":1,"column":155}},"4":{"start":{"line":1,"column":155},"end":{"line":1,"column":209}},"5":{"start":{"line":1,"column":209},"end":{"line":1,"column":265}},"6":{"start":{"line":5,"column":17},"end":{"line":5,"column":22}},"7":{"start":{"line":6,"column":20},"end":{"line":6,"column":24}},"8":{"start":{"line":7,"column":18},"end":{"line":7,"column":22}},"9":{"start":{"line":8,"column":21},"end":{"line":8,"column":25}},"10":{"start":{"line":9,"column":18},"end":{"line":9,"column":34}},"11":{"start":{"line":12,"column":13},"end":{"line":12,"column":39}},"12":{"start":{"line":13,"column":2},"end":{"line":15,"column":3}},"13":{"start":{"line":13,"column":15},"end":{"line":13,"column":16}},"14":{"start":{"line":13,"column":22},"end":{"line":13,"column":32}},"15":{"start":{"line":14,"column":4},"end":{"line":14,"column":32}},"16":{"start":{"line":17,"column":2},"end":{"line":17,"column":30}},"17":{"start":{"line":21,"column":2},"end":{"line":24,"column":3}},"18":{"start":{"line":22,"column":4},"end":{"line":23,"column":17}},"19":{"start":{"line":23,"column":4},"end":{"line":23,"column":17}},"20":{"start":{"line":25,"column":2},"end":{"line":25,"column":14}},"21":{"start":{"line":29,"column":2},"end":{"line":32,"column":3}},"22":{"start":{"line":30,"column":4},"end":{"line":30,"column":62}},"23":{"start":{"line":31,"column":4},"end":{"line":31,"column":31}},"24":{"start":{"line":36,"column":2},"end":{"line":36,"column":28}},"25":{"start":{"line":37,"column":2},"end":{"line":37,"column":38}},"26":{"start":{"line":38,"column":12},"end":{"line":38,"column":28}},"27":{"start":{"line":39,"column":2},"end":{"line":43,"column":5}},"28":{"start":{"line":40,"column":4},"end":{"line":40,"column":23}},"29":{"start":{"line":40,"column":13},"end":{"line":40,"column":23}},"30":{"start":{"line":41,"column":4},"end":{"line":41,"column":36}},"31":{"start":{"line":42,"column":4},"end":{"line":42,"column":23}},"32":{"start":{"line":47,"column":2},"end":{"line":67,"column":5}},"33":{"start":{"line":48,"column":4},"end":{"line":48,"column":45}},"34":{"start":{"line":49,"column":4},"end":{"line":49,"column":22}},"35":{"start":{"line":51,"column":4},"end":{"line":56,"column":5}},"36":{"start":{"line":52,"column":6},"end":{"line":52,"column":84}},"37":{"start":{"line":54,"column":6},"end":{"line":54,"column":50}},"38":{"start":{"line":55,"column":6},"end":{"line":55,"column":32}},"39":{"start":{"line":57,"column":4},"end":{"line":57,"column":53}},"40":{"start":{"line":58,"column":4},"end":{"line":66,"column":5}},"41":{"start":{"line":59,"column":6},"end":{"line":59,"column":57}},"42":{"start":{"line":60,"column":11},"end":{"line":66,"column":5}},"43":{"start":{"line":61,"column":6},"end":{"line":61,"column":49}},"44":{"start":{"line":62,"column":11},"end":{"line":66,"column":5}},"45":{"start":{"line":63,"column":6},"end":{"line":63,"column":36}},"46":{"start":{"line":65,"column":6},"end":{"line":65,"column":19}},"47":{"start":{"line":71,"column":12},"end":{"line":71,"column":43}},"48":{"start":{"line":72,"column":12},"end":{"line":72,"column":28}},"49":{"start":{"line":73,"column":2},"end":{"line":76,"column":5}},"50":{"start":{"line":74,"column":4},"end":{"line":74,"column":23}},"51":{"start":{"line":74,"column":13},"end":{"line":74,"column":23}},"52":{"start":{"line":75,"column":4},"end":{"line":75,"column":52}},"53":{"start":{"line":80,"column":2},"end":{"line":80,"column":12}},"54":{"start":{"line":81,"column":2},"end":{"line":81,"column":36}},"55":{"start":{"line":82,"column":2},"end":{"line":89,"column":11}},"56":{"start":{"line":83,"column":4},"end":{"line":88,"column":5}},"57":{"start":{"line":84,"column":6},"end":{"line":84,"column":16}},"58":{"start":{"line":85,"column":6},"end":{"line":87,"column":15}},"59":{"start":{"line":86,"column":8},"end":{"line":86,"column":73}},"60":{"start":{"line":86,"column":25},"end":{"line":86,"column":73}}},"fnMap":{"0":{"name":"toByteArray","decl":{"start":{"line":11,"column":9},"end":{"line":11,"column":20}},"loc":{"start":{"line":11,"column":26},"end":{"line":18,"column":1}},"line":11},"1":{"name":"isEmpty","decl":{"start":{"line":20,"column":9},"end":{"line":20,"column":16}},"loc":{"start":{"line":20,"column":22},"end":{"line":26,"column":1}},"line":20},"2":{"name":"createSocket","decl":{"start":{"line":28,"column":9},"end":{"line":28,"column":21}},"loc":{"start":{"line":28,"column":24},"end":{"line":33,"column":1}},"line":28},"3":{"name":"send","decl":{"start":{"line":35,"column":9},"end":{"line":35,"column":13}},"loc":{"start":{"line":35,"column":19},"end":{"line":44,"column":1}},"line":35},"4":{"name":"(anonymous_4)","decl":{"start":{"line":39,"column":60},"end":{"line":39,"column":61}},"loc":{"start":{"line":39,"column":75},"end":{"line":43,"column":3}},"line":39},"5":{"name":"listen","decl":{"start":{"line":46,"column":9},"end":{"line":46,"column":15}},"loc":{"start":{"line":46,"column":43},"end":{"line":68,"column":1}},"line":46},"6":{"name":"(anonymous_6)","decl":{"start":{"line":47,"column":25},"end":{"line":47,"column":26}},"loc":{"start":{"line":47,"column":47},"end":{"line":67,"column":3}},"line":47},"7":{"name":"sendCancellingRequest","decl":{"start":{"line":70,"column":9},"end":{"line":70,"column":30}},"loc":{"start":{"line":70,"column":33},"end":{"line":77,"column":1}},"line":70},"8":{"name":"(anonymous_8)","decl":{"start":{"line":73,"column":63},"end":{"line":73,"column":64}},"loc":{"start":{"line":73,"column":78},"end":{"line":76,"column":3}},"line":73},"9":{"name":"sendAndWaitWithTimeout","decl":{"start":{"line":79,"column":9},"end":{"line":79,"column":31}},"loc":{"start":{"line":79,"column":64},"end":{"line":90,"column":1}},"line":79},"10":{"name":"(anonymous_10)","decl":{"start":{"line":82,"column":13},"end":{"line":82,"column":14}},"loc":{"start":{"line":82,"column":25},"end":{"line":89,"column":3}},"line":82},"11":{"name":"(anonymous_11)","decl":{"start":{"line":85,"column":17},"end":{"line":85,"column":18}},"loc":{"start":{"line":85,"column":29},"end":{"line":87,"column":7}},"line":85}},"branchMap":{"0":{"loc":{"start":{"line":22,"column":4},"end":{"line":23,"column":17}},"type":"if","locations":[{"start":{"line":22,"column":4},"end":{"line":23,"column":17}},{"start":{"line":22,"column":4},"end":{"line":23,"column":17}}],"line":22},"1":{"loc":{"start":{"line":29,"column":2},"end":{"line":32,"column":3}},"type":"if","locations":[{"start":{"line":29,"column":2},"end":{"line":32,"column":3}},{"start":{"line":29,"column":2},"end":{"line":32,"column":3}}],"line":29},"2":{"loc":{"start":{"line":40,"column":4},"end":{"line":40,"column":23}},"type":"if","locations":[{"start":{"line":40,"column":4},"end":{"line":40,"column":23}},{"start":{"line":40,"column":4},"end":{"line":40,"column":23}}],"line":40},"3":{"loc":{"start":{"line":58,"column":4},"end":{"line":66,"column":5}},"type":"if","locations":[{"start":{"line":58,"column":4},"end":{"line":66,"column":5}},{"start":{"line":58,"column":4},"end":{"line":66,"column":5}}],"line":58},"4":{"loc":{"start":{"line":60,"column":11},"end":{"line":66,"column":5}},"type":"if","locations":[{"start":{"line":60,"column":11},"end":{"line":66,"column":5}},{"start":{"line":60,"column":11},"end":{"line":66,"column":5}}],"line":60},"5":{"loc":{"start":{"line":62,"column":11},"end":{"line":66,"column":5}},"type":"if","locations":[{"start":{"line":62,"column":11},"end":{"line":66,"column":5}},{"start":{"line":62,"column":11},"end":{"line":66,"column":5}}],"line":62},"6":{"loc":{"start":{"line":74,"column":4},"end":{"line":74,"column":23}},"type":"if","locations":[{"start":{"line":74,"column":4},"end":{"line":74,"column":23}},{"start":{"line":74,"column":4},"end":{"line":74,"column":23}}],"line":74},"7":{"loc":{"start":{"line":83,"column":4},"end":{"line":88,"column":5}},"type":"if","locations":[{"start":{"line":83,"column":4},"end":{"line":88,"column":5}},{"start":{"line":83,"column":4},"end":{"line":88,"column":5}}],"line":83},"8":{"loc":{"start":{"line":86,"column":8},"end":{"line":86,"column":73}},"type":"if","locations":[{"start":{"line":86,"column":8},"end":{"line":86,"column":73}},{"start":{"line":86,"column":8},"end":{"line":86,"column":73}}],"line":86}},"s":{"0":1,"1":1,"2":1,"3":1,"4":1,"5":1,"6":1,"7":1,"8":1,"9":1,"10":1,"11":1,"12":1,"13":1,"14":1,"15":65,"16":1,"17":0,"18":0,"19":0,"20":0,"21":0,"22":0,"23":0,"24":1,"25":1,"26":1,"27":1,"28":0,"29":0,"30":0,"31":0,"32":0,"33":0,"34":0,"35":0,"36":0,"37":0,"38":0,"39":0,"40":0,"41":0,"42":0,"43":0,"44":0,"45":0,"46":0,"47":0,"48":0,"49":0,"50":0,"51":0,"52":0,"53":1,"54":0,"55":0,"56":0,"57":0,"58":0,"59":0,"60":0},"f":{"0":1,"1":0,"2":0,"3":1,"4":0,"5":0,"6":0,"7":0,"8":0,"9":1,"10":0,"11":0},"b":{"0":[0,0],"1":[0,0],"2":[0,0],"3":[0,0],"4":[0,0],"5":[0,0],"6":[0,0],"7":[0,0],"8":[0,0]},"_coverageSchema":"43e27e138ebf9cfc5966b082cf9a028302ed4184","hash":"d58c72495a5fa30c901fda913c158cb2a04144d1"}
}
