TN:
SF:/Users/mac/School/KoalaTea/AddTea.js
FN:34,(anonymous_0)
FN:35,AddTea
FN:44,(anonymous_2)
FN:63,(anonymous_3)
FN:76,(anonymous_4)
FN:83,render
FN:93,onChangeText
FN:102,onChangeText
FN:111,onChangeText
FN:118,onPress
FNF:10
FNH:5
FNDA:1,(anonymous_0)
FNDA:2,AddTea
FNDA:7,(anonymous_2)
FNDA:2,(anonymous_3)
FNDA:0,(anonymous_4)
FNDA:3,render
FNDA:0,onChangeText
FNDA:0,onChangeText
FNDA:0,onChangeText
FNDA:0,onPress
DA:1,1
DA:2,1
DA:3,1
DA:5,1
DA:34,1
DA:35,2
DA:36,2
DA:45,7
DA:46,1
DA:47,6
DA:48,1
DA:49,5
DA:50,1
DA:51,4
DA:52,2
DA:53,2
DA:54,1
DA:55,1
DA:56,0
DA:58,1
DA:60,6
DA:61,2
DA:64,2
DA:65,1
DA:71,1
DA:72,1
DA:76,1
DA:77,0
DA:78,0
DA:79,0
DA:80,0
DA:83,2
DA:85,3
DA:86,3
DA:93,0
DA:102,0
DA:111,0
DA:118,0
DA:122,1
LF:39
LH:30
BRDA:45,0,0,1
BRDA:45,0,1,6
BRDA:47,1,0,1
BRDA:47,1,1,5
BRDA:49,2,0,1
BRDA:49,2,1,4
BRDA:51,3,0,2
BRDA:51,3,1,2
BRDA:51,4,0,4
BRDA:51,4,1,4
BRDA:53,5,0,1
BRDA:53,5,1,1
BRDA:55,6,0,0
BRDA:55,6,1,1
BRDA:55,7,0,1
BRDA:55,7,1,1
BRDA:64,8,0,1
BRDA:64,8,1,1
BRF:18
BRH:17
end_of_record
TN:
SF:/Users/mac/School/KoalaTea/socketUtil.js
FN:11,toByteArray
FN:20,isEmpty
FN:28,createSocket
FN:35,send
FN:39,(anonymous_4)
FN:46,listen
FN:47,(anonymous_6)
FN:70,sendCancellingRequest
FN:73,(anonymous_8)
FN:79,sendAndWaitWithTimeout
FN:82,(anonymous_10)
FN:85,(anonymous_11)
FNF:12
FNH:3
FNDA:1,toByteArray
FNDA:0,isEmpty
FNDA:0,createSocket
FNDA:1,send
FNDA:0,(anonymous_4)
FNDA:0,listen
FNDA:0,(anonymous_6)
FNDA:0,sendCancellingRequest
FNDA:0,(anonymous_8)
FNDA:1,sendAndWaitWithTimeout
FNDA:0,(anonymous_10)
FNDA:0,(anonymous_11)
DA:1,1
DA:5,1
DA:6,1
DA:7,1
DA:8,1
DA:9,1
DA:12,1
DA:13,1
DA:14,65
DA:17,1
DA:21,0
DA:22,0
DA:23,0
DA:25,0
DA:29,0
DA:30,0
DA:31,0
DA:36,1
DA:37,1
DA:38,1
DA:39,1
DA:40,0
DA:41,0
DA:42,0
DA:47,0
DA:48,0
DA:49,0
DA:51,0
DA:52,0
DA:54,0
DA:55,0
DA:57,0
DA:58,0
DA:59,0
DA:60,0
DA:61,0
DA:62,0
DA:63,0
DA:65,0
DA:71,0
DA:72,0
DA:73,0
DA:74,0
DA:75,0
DA:80,1
DA:81,0
DA:82,0
DA:83,0
DA:84,0
DA:85,0
DA:86,0
LF:51
LH:15
BRDA:22,0,0,0
BRDA:22,0,1,0
BRDA:29,1,0,0
BRDA:29,1,1,0
BRDA:40,2,0,0
BRDA:40,2,1,0
BRDA:58,3,0,0
BRDA:58,3,1,0
BRDA:60,4,0,0
BRDA:60,4,1,0
BRDA:62,5,0,0
BRDA:62,5,1,0
BRDA:74,6,0,0
BRDA:74,6,1,0
BRDA:83,7,0,0
BRDA:83,7,1,0
BRDA:86,8,0,0
BRDA:86,8,1,0
BRF:18
BRH:0
end_of_record
