TN:
SF:/Users/mac/School/KoalaTea/AddTea.js
FN:12,(anonymous_0)
FN:13,AddTea
FN:22,(anonymous_2)
FN:41,(anonymous_3)
FN:68,render
FN:76,onChangeText
FN:84,onChangeText
FN:92,onChangeText
FN:99,onPress
FNF:9
FNH:4
FNDA:1,(anonymous_0)
FNDA:2,AddTea
FNDA:0,(anonymous_2)
FNDA:2,(anonymous_3)
FNDA:3,render
FNDA:0,onChangeText
FNDA:0,onChangeText
FNDA:0,onChangeText
FNDA:0,onPress
DA:1,1
DA:2,1
DA:4,1
DA:12,1
DA:13,2
DA:14,2
DA:23,0
DA:24,0
DA:25,0
DA:26,0
DA:27,0
DA:28,0
DA:29,0
DA:30,0
DA:31,0
DA:32,0
DA:33,0
DA:34,0
DA:36,0
DA:38,0
DA:39,2
DA:42,2
DA:43,1
DA:48,1
DA:49,1
DA:50,1
DA:51,1
DA:68,2
DA:70,3
DA:71,3
DA:76,0
DA:84,0
DA:92,0
DA:99,0
DA:103,1
LF:35
LH:17
BRDA:23,0,0,0
BRDA:23,0,1,0
BRDA:25,1,0,0
BRDA:25,1,1,0
BRDA:27,2,0,0
BRDA:27,2,1,0
BRDA:29,3,0,0
BRDA:29,3,1,0
BRDA:29,4,0,0
BRDA:29,4,1,0
BRDA:31,5,0,0
BRDA:31,5,1,0
BRDA:33,6,0,0
BRDA:33,6,1,0
BRDA:33,7,0,0
BRDA:33,7,1,0
BRDA:42,8,0,1
BRDA:42,8,1,1
BRF:18
BRH:2
end_of_record
